[02:05:54] [main/INFO]: Setting user: ForgeDevName
[02:05:55] [Client thread/INFO]: LWJGL Version: 2.9.1
[02:06:00] [Client thread/INFO]: Reloading ResourceManager: Default, FMLFileResourcePack:Forge Mod Loader, FMLFileResourcePack:Minecraft Forge, FMLFileResourcePack:protocraft
[02:06:01] [Sound Library Loader/INFO]: Sound engine started
[02:06:01] [Client thread/INFO]: Created: 512x256 textures/blocks-atlas
[02:06:01] [Client thread/INFO]: Created: 256x256 textures/items-atlas
[02:06:01] [Client thread/INFO]: Reloading ResourceManager: Default, FMLFileResourcePack:Forge Mod Loader, FMLFileResourcePack:Minecraft Forge, FMLFileResourcePack:protocraft
[02:06:01] [Client thread/INFO]: Created: 256x256 textures/items-atlas
[02:06:02] [Client thread/INFO]: Created: 512x256 textures/blocks-atlas
[02:06:02] [Sound Library Loader/INFO]: Sound engine started
[02:06:07] [Client thread/INFO]: Deleting level New World
[02:06:07] [Client thread/INFO]: Attempt 1...
[02:06:13] [Server thread/INFO]: Starting integrated minecraft server version 1.7.10
[02:06:13] [Server thread/INFO]: Generating keypair
[02:06:13] [Server thread/INFO]: Converting map!
[02:06:13] [Server thread/INFO]: Scanning folders...
[02:06:13] [Server thread/INFO]: Total conversion count is 0
[02:06:14] [Server thread/INFO]: Preparing start region for level 0
[02:06:14] [Server thread/INFO]: Changing view distance to 12, from 10
[02:06:14] [Server thread/INFO]: ForgeDevName[local:E:7fd76acb] logged in with entity id 16 at (-345.5, 4.0, -240.5)
[02:06:14] [Server thread/INFO]: ForgeDevName joined the game
[02:06:18] [Server thread/INFO]: ForgeDevName has just earned the achievement [Taking Inventory]
[02:06:18] [Client thread/INFO]: [CHAT] ForgeDevName has just earned the achievement [Taking Inventory]
[02:06:40] [Server thread/INFO]: Saving and pausing game...
[02:06:40] [Server thread/INFO]: Saving chunks for level 'New World'/Overworld
[02:06:40] [Server thread/INFO]: Saving chunks for level 'New World'/Nether
[02:06:40] [Server thread/INFO]: Saving chunks for level 'New World'/The End
[02:07:05] [Server thread/INFO]: Saving and pausing game...
[02:07:05] [Server thread/INFO]: Saving chunks for level 'New World'/Overworld
[02:07:05] [Server thread/INFO]: Saving chunks for level 'New World'/Nether
[02:07:05] [Server thread/INFO]: Saving chunks for level 'New World'/The End
[02:07:45] [Server thread/INFO]: Saving and pausing game...
[02:07:45] [Server thread/INFO]: Saving chunks for level 'New World'/Overworld
[02:07:45] [Server thread/INFO]: Saving chunks for level 'New World'/Nether
[02:07:45] [Server thread/INFO]: Saving chunks for level 'New World'/The End
[02:07:45] [Server thread/INFO]: Stopping server
[02:07:45] [Server thread/INFO]: Saving players
[02:07:45] [Server thread/INFO]: Saving worlds
[02:07:45] [Server thread/INFO]: Saving chunks for level 'New World'/Overworld
[02:07:45] [Server thread/INFO]: Saving chunks for level 'New World'/Nether
[02:07:45] [Server thread/INFO]: Saving chunks for level 'New World'/The End
[02:07:46] [Client thread/INFO]: Stopping!
